2024-06-12T09:12:38.922406+0300 INFO  Request status: 200
2024-06-12T09:12:38.925039+0300 SUCCESS Get feedbacks
2024-06-12T09:13:35.104718+0300 INFO  Request status: 200
2024-06-12T09:13:35.105271+0300 SUCCESS Get feedbacks
2024-06-12T09:13:50.149781+0300 INFO  Request status: 200
2024-06-12T09:13:50.150420+0300 SUCCESS Get feedbacks
2024-06-12T09:14:29.191055+0300 INFO  Request status: 200
2024-06-12T09:14:29.191587+0300 ERROR {'Error request': TypeError("object ClientResponse can't be used in 'await' expression")}
2024-06-12T09:14:29.191792+0300 SUCCESS Get feedbacks
2024-06-12T09:14:43.380281+0300 INFO  Request status: 200
2024-06-12T09:14:43.380971+0300 ERROR {'Error request': TypeError("object ClientResponse can't be used in 'await' expression")}
2024-06-12T09:14:43.381116+0300 SUCCESS Get feedbacks
2024-06-12T09:14:52.470508+0300 INFO  Request status: 200
2024-06-12T09:14:52.471105+0300 ERROR {'Error request': TypeError("object ClientResponse can't be used in 'await' expression")}
2024-06-12T09:14:52.471259+0300 SUCCESS Get feedbacks
2024-06-12T09:15:52.472276+0300 INFO  Request status: 200
2024-06-12T09:15:52.472812+0300 SUCCESS Get feedbacks
2024-06-12T09:16:21.460476+0300 INFO  Request status: 200
2024-06-12T09:16:21.461147+0300 SUCCESS Get feedbacks
2024-06-12T09:18:07.263278+0300 INFO  Request status: 200
2024-06-12T09:18:07.263973+0300 SUCCESS Get feedbacks
2024-06-12T09:18:17.671369+0300 INFO  Request status: 200
2024-06-12T09:18:17.672041+0300 SUCCESS Get feedbacks
2024-06-12T09:18:31.751013+0300 INFO  Request status: 200
2024-06-12T09:18:31.751493+0300 SUCCESS Get feedbacks
2024-06-12T09:18:40.188909+0300 INFO  Request status: 200
2024-06-12T09:18:40.189662+0300 SUCCESS Get feedbacks
2024-06-12T09:18:48.783697+0300 INFO  Request status: 200
2024-06-12T09:18:48.784213+0300 SUCCESS Get feedbacks
2024-06-12T09:19:36.523174+0300 INFO  Request status: 200
2024-06-12T09:19:36.523944+0300 SUCCESS Get feedbacks
2024-06-12T09:19:50.462762+0300 INFO  Request status: 200
2024-06-12T09:19:50.463267+0300 SUCCESS Get feedbacks
2024-06-12T09:20:04.559085+0300 INFO  Request status: 200
2024-06-12T09:20:04.559649+0300 SUCCESS Get feedbacks
2024-06-12T09:20:48.503400+0300 INFO  Request status: 200
2024-06-12T09:20:48.504230+0300 SUCCESS Get feedbacks
2024-06-12T09:21:16.478092+0300 INFO  Request status: 200
2024-06-12T09:21:16.478719+0300 SUCCESS Get feedbacks
2024-06-12T09:21:47.117929+0300 INFO  Request status: 200
2024-06-12T09:21:47.118434+0300 SUCCESS Get feedbacks
2024-06-12T09:24:17.961394+0300 INFO  Request status: 200
2024-06-12T09:24:17.962155+0300 SUCCESS Get feedbacks
2024-06-12T09:25:19.921581+0300 INFO  Request status: 200
2024-06-12T09:25:19.922227+0300 SUCCESS Get feedbacks
2024-06-12T09:25:42.888035+0300 INFO  Request status: 200
2024-06-12T09:25:42.888632+0300 SUCCESS Get feedbacks
2024-06-12T09:26:06.470388+0300 INFO  Request status: 200
2024-06-12T09:26:06.470969+0300 SUCCESS Get feedbacks
2024-06-12T09:26:54.158177+0300 INFO  Request status: 200
2024-06-12T09:26:54.158684+0300 SUCCESS Get feedbacks
2024-06-12T09:28:59.429949+0300 INFO  Request status: 200
2024-06-12T09:28:59.430606+0300 SUCCESS Get feedbacks
2024-06-12T09:30:18.862990+0300 INFO  Request status: 200
2024-06-12T09:30:18.863534+0300 SUCCESS Get feedbacks
2024-06-12T09:30:37.007458+0300 INFO  Request status: 200
2024-06-12T09:30:37.008024+0300 SUCCESS Get feedbacks
2024-06-12T09:31:55.191104+0300 INFO  Request status: 200
2024-06-12T09:31:55.191782+0300 SUCCESS Get feedbacks
2024-06-12T09:32:24.476474+0300 INFO  Request status: 200
2024-06-12T09:32:24.477107+0300 SUCCESS Get feedbacks
2024-06-12T09:33:09.156805+0300 INFO  Request status: 200
2024-06-12T09:33:09.157513+0300 SUCCESS Get feedbacks
2024-06-12T09:33:56.261979+0300 INFO  Request status: 200
2024-06-12T09:33:56.262613+0300 SUCCESS Get feedbacks
2024-06-12T09:34:42.944448+0300 INFO  Request status: 200
2024-06-12T09:34:42.945189+0300 SUCCESS Get feedbacks
2024-06-12T09:35:28.942923+0300 INFO  Request status: 200
2024-06-12T09:35:28.943509+0300 SUCCESS Get feedbacks
2024-06-12T09:35:51.430228+0300 INFO  Request status: 200
2024-06-12T09:35:51.430780+0300 SUCCESS Get feedbacks
2024-06-12T09:35:59.197831+0300 INFO  Request status: 200
2024-06-12T09:35:59.198402+0300 SUCCESS Get feedbacks
2024-06-12T09:35:59.198547+0300 ERROR Get feedbacks Connection closed
2024-06-12T09:36:28.551244+0300 INFO  Request status: 200
2024-06-12T09:36:28.551818+0300 SUCCESS Get feedbacks
2024-06-12T09:36:28.551955+0300 ERROR Get feedbacks Connection closed
2024-06-12T09:37:15.587417+0300 INFO  Request status: 200
2024-06-12T09:37:15.588014+0300 SUCCESS Get feedbacks
2024-06-12T09:37:40.021975+0300 INFO  Request status: 200
2024-06-12T09:37:40.022532+0300 SUCCESS Get feedbacks
2024-06-12T09:37:40.022680+0300 ERROR Get feedbacks Connection closed
2024-06-12T09:39:25.189704+0300 INFO  Request status: 200
2024-06-12T09:39:25.190559+0300 SUCCESS Get feedbacks
2024-06-12T09:39:25.190759+0300 ERROR Get feedbacks Connection closed
2024-06-12T09:39:42.460955+0300 INFO  Request status: 200
2024-06-12T09:39:42.461636+0300 SUCCESS Get feedbacks
2024-06-12T09:40:13.863823+0300 INFO  Request status: 200
2024-06-12T09:40:13.864349+0300 SUCCESS Get feedbacks
2024-06-12T09:40:13.864511+0300 ERROR Get feedbacks Connection closed
2024-06-12T09:40:23.007072+0300 INFO  Request status: 200
2024-06-12T09:40:23.007649+0300 SUCCESS Get feedbacks
2024-06-12T09:40:31.758050+0300 INFO  Request status: 200
2024-06-12T09:40:31.758771+0300 SUCCESS Get feedbacks
2024-06-12T09:40:52.792755+0300 INFO  Request status: 200
2024-06-12T09:40:52.793387+0300 SUCCESS Get feedbacks
2024-06-12T09:48:28.948085+0300 INFO  Request status: 200
2024-06-12T09:48:28.949032+0300 SUCCESS Get feedbacks
2024-06-12T09:48:51.587610+0300 INFO  Request status: 200
2024-06-12T09:48:51.588603+0300 SUCCESS Get feedbacks
2024-06-12T13:21:54.086670+0300 INFO  Request status: 200
2024-06-12T13:21:54.087736+0300 SUCCESS Get feedbacks
2024-06-12T13:23:02.891947+0300 INFO  Request status: 200
2024-06-12T13:23:02.892757+0300 SUCCESS Get feedbacks
2024-06-12T13:27:34.230375+0300 INFO  Request status: 200
2024-06-12T13:27:34.231121+0300 SUCCESS Get feedbacks
2024-06-12T13:29:31.829575+0300 INFO  Request status: 200
2024-06-12T13:29:31.830347+0300 SUCCESS Get feedbacks
2024-06-25T11:05:01.098840+0300 SUCCESS Bot was been started
2024-06-25T11:05:41.686992+0300 SUCCESS Bot was been started
2024-06-25T11:05:42.787473+0300 SUCCESS Bot was been sroped
2024-06-25T11:05:56.785798+0300 SUCCESS Bot was been started
2024-06-25T11:32:31.706238+0300 SUCCESS Bot was been sroped
2024-06-25T11:58:09.618671+0300 SUCCESS Bot was been started
2024-06-25T11:58:49.162626+0300 SUCCESS Bot was been sroped
2024-06-25T11:58:53.926478+0300 SUCCESS Bot was been started
2024-06-25T11:59:41.924908+0300 SUCCESS Bot was been sroped
2024-06-25T11:59:46.139371+0300 SUCCESS Bot was been started
2024-06-25T14:25:59.124446+0300 SUCCESS Bot was been sroped
2024-06-25T14:26:04.153995+0300 SUCCESS Bot was been started
2024-06-25T15:41:23.881294+0300 SUCCESS Bot was been sroped
